<?xml version="1.0" encoding="UTF-8"?>
<!-- Generated by org.testng.reporters.JUnitXMLReporter -->
<testsuite hostname="LAPTOP-2C0613A2" ignored="0" name="Test" tests="1" failures="1" timestamp="26 Feb 2022 18:14:48 GMT" time="35.06" errors="0">
  <testcase name="BookTicket" time="35.022" classname="IrctcTicketBooking.irctctTicketBookingTest">
    <failure type="java.lang.IndexOutOfBoundsException" message="Index: 16, Size: 3">
      <![CDATA[java.lang.IndexOutOfBoundsException: Index: 16, Size: 3
at java.util.ArrayList.rangeCheck(ArrayList.java:659)
at java.util.ArrayList.get(ArrayList.java:435)
at org.openqa.selenium.support.pagefactory.internal.LocatingElementListHandler.invoke(LocatingElementListHandler.java:40)
at com.sun.proxy.$Proxy16.get(Unknown Source)
at IrctcTicketBooking.irctctTicketBookingTest.BookTicket(irctctTicketBookingTest.java:66)
... Removed 32 stack frames]]>
    </failure>
  </testcase> <!-- BookTicket -->
</testsuite> <!-- Test -->
