-------------------------------------------------------------------------------
Test set: TestSuite
-------------------------------------------------------------------------------
Tests run: 1, Failures: 1, Errors: 0, Skipped: 0, Time elapsed: 36.663 s <<< FAILURE! - in TestSuite
IrctcTicketBooking.irctctTicketBookingTest.BookTicket[https://www.irctc.co.in/](1)  Time elapsed: 35.123 s  <<< FAILURE!
java.lang.IndexOutOfBoundsException: Index: 16, Size: 3
	at IrctcTicketBooking.irctctTicketBookingTest.BookTicket(irctctTicketBookingTest.java:66)

